
=== Wed Jan 22 11:28:58 2025

Packages were changed.
Update Mode: mergeDefaultDependencies

The following packages were added:
  com.unity.modules.ai@1.0.0
  com.unity.modules.androidjni@1.0.0
  com.unity.modules.animation@1.0.0
  com.unity.modules.assetbundle@1.0.0
  com.unity.modules.audio@1.0.0
  com.unity.modules.cloth@1.0.0
  com.unity.modules.director@1.0.0
  com.unity.modules.imageconversion@1.0.0
  com.unity.modules.imgui@1.0.0
  com.unity.modules.jsonserialize@1.0.0
  com.unity.modules.particlesystem@1.0.0
  com.unity.modules.physics@1.0.0
  com.unity.modules.physics2d@1.0.0
  com.unity.modules.screencapture@1.0.0
  com.unity.modules.terrain@1.0.0
  com.unity.modules.terrainphysics@1.0.0
  com.unity.modules.tilemap@1.0.0
  com.unity.modules.ui@1.0.0
  com.unity.modules.uielements@1.0.0
  com.unity.modules.umbra@1.0.0
  com.unity.modules.unityanalytics@1.0.0
  com.unity.modules.unitywebrequest@1.0.0
  com.unity.modules.unitywebrequestassetbundle@1.0.0
  com.unity.modules.unitywebrequestaudio@1.0.0
  com.unity.modules.unitywebrequesttexture@1.0.0
  com.unity.modules.unitywebrequestwww@1.0.0
  com.unity.modules.vehicles@1.0.0
  com.unity.modules.video@1.0.0
  com.unity.modules.vr@1.0.0
  com.unity.modules.wind@1.0.0
  com.unity.modules.xr@1.0.0
  com.unity.modules.accessibility@1.0.0
The following packages were updated:
  com.unity.collab-proxy from version 2.2.0 to 2.3.1
  com.unity.ide.rider from version 3.0.27 to 3.0.28
  com.unity.inputsystem from version 1.8.1 to 1.8.2
  com.unity.render-pipelines.universal from version 17.0.1 to 17.0.3
  com.unity.test-framework from version 1.4.2 to 1.4.4
  com.unity.visualscripting from version 1.9.1 to 1.9.4

=== Wed Jan 22 14:15:57 2025

Packages were changed.
Update Mode: updateDependencies

The following packages were updated:
  com.unity.burst from version 1.8.13 to 1.8.15
  com.unity.inputsystem from version 1.8.1 to 1.8.2
  com.unity.test-framework from version 1.4.3 to 1.4.4

=== Wed Jan 22 14:15:57 2025

Packages were changed.
Update Mode: mergeDefaultDependencies

The following packages were added:
  com.unity.burst@1.8.15
  com.unity.cinemachine@2.10.0
  com.unity.collections@2.4.0
  com.unity.ext.nunit@2.0.5
  com.unity.mathematics@1.3.1
  com.unity.nuget.mono-cecil@1.11.4
  com.unity.package-validation-suite@0.22.0-preview
  com.unity.render-pipelines.core@17.0.3
  com.unity.render-pipelines.universal-config@17.0.3
  com.unity.rendering.light-transport@1.0.1
  com.unity.searcher@4.9.2
  com.unity.shadergraph@17.0.3
  com.unity.test-framework.performance@3.0.3
  com.unity.modules.hierarchycore@1.0.0
  com.unity.modules.subsystems@1.0.0
